Removed Pin From Net: NetName=PA15 Pin=X1-2
Removed Pin From Net: NetName=PA15 Pin=X1-2
Removed Pin From Net: NetName=PB3 Pin=X1-3
Removed Pin From Net: NetName=PB3 Pin=X1-3
Removed Pin From Net: NetName=PB4 Pin=X1-4
Removed Pin From Net: NetName=PB4 Pin=X1-4
Removed Pin From Net: NetName=PB5 Pin=X1-5
Removed Pin From Net: NetName=PB5 Pin=X1-5
Removed Pin From Net: NetName=PB6 Pin=X1-6
Removed Pin From Net: NetName=PB6 Pin=X1-6
Removed Pin From Net: NetName=PB7 Pin=X1-7
Removed Pin From Net: NetName=PB7 Pin=X1-7
Removed Pin From Net: NetName=PB8 Pin=X1-8
Removed Pin From Net: NetName=PB8 Pin=X1-8
Removed Pin From Net: NetName=PB9 Pin=X1-9
Removed Pin From Net: NetName=PB9 Pin=X1-9
Removed Pin From Net: NetName=PC13 Pin=X1-10
Removed Pin From Net: NetName=PC13 Pin=X1-10
Removed Pin From Net: NetName=PC14 Pin=X1-11
Removed Pin From Net: NetName=PC14 Pin=X1-11
Removed Pin From Net: NetName=PC15 Pin=X1-12
Removed Pin From Net: NetName=PC15 Pin=X1-12
Removed Pin From Net: NetName=PA0 Pin=X1-13
Removed Pin From Net: NetName=PA0 Pin=X1-13
Removed Pin From Net: NetName=PA1 Pin=X1-14
Removed Pin From Net: NetName=PA1 Pin=X1-14
Removed Pin From Net: NetName=PA2 Pin=X1-15
Removed Pin From Net: NetName=PA2 Pin=X1-15
Removed Pin From Net: NetName=PA3 Pin=X1-16
Removed Pin From Net: NetName=PA3 Pin=X1-16
Removed Pin From Net: NetName=PA4 Pin=X1-17
Removed Pin From Net: NetName=PA4 Pin=X1-17
Removed Pin From Net: NetName=PA5 Pin=X1-18
Removed Pin From Net: NetName=PA5 Pin=X1-18
Removed Pin From Net: NetName=PA6 Pin=X1-19
Removed Pin From Net: NetName=PA6 Pin=X1-19
Removed Pin From Net: NetName=PA7 Pin=X1-20
Removed Pin From Net: NetName=PA7 Pin=X1-20
Removed Pin From Net: NetName=PB0 Pin=X1-21
Removed Pin From Net: NetName=PB0 Pin=X1-21
Removed Pin From Net: NetName=PB1 Pin=X1-22
Removed Pin From Net: NetName=PB1 Pin=X1-22
Removed Pin From Net: NetName=PB2 Pin=X1-23
Removed Pin From Net: NetName=PB2 Pin=X1-23
Removed Pin From Net: NetName=PB10 Pin=X1-24
Removed Pin From Net: NetName=PB10 Pin=X1-24
Removed Pin From Net: NetName=PB11 Pin=X1-25
Removed Pin From Net: NetName=PB11 Pin=X1-25
Removed Pin From Net: NetName=PB12 Pin=X1-26
Removed Pin From Net: NetName=PB12 Pin=X1-26
Removed Pin From Net: NetName=PB13 Pin=X1-27
Removed Pin From Net: NetName=PB13 Pin=X1-27
Removed Pin From Net: NetName=PB14 Pin=X1-28
Removed Pin From Net: NetName=PB14 Pin=X1-28
Removed Pin From Net: NetName=PB15 Pin=X1-29
Removed Pin From Net: NetName=PB15 Pin=X1-29
Removed Pin From Net: NetName=PA8 Pin=X1-30
Removed Pin From Net: NetName=PA8 Pin=X1-30
Removed Pin From Net: NetName=PA9 Pin=X1-31
Removed Pin From Net: NetName=PA9 Pin=X1-31
Removed Pin From Net: NetName=PA10 Pin=X1-32
Removed Pin From Net: NetName=PA10 Pin=X1-32
Removed Pin From Net: NetName=PA11 Pin=X1-33
Removed Pin From Net: NetName=PA11 Pin=X1-33
Removed Pin From Net: NetName=PA12 Pin=X1-34
Removed Pin From Net: NetName=PA12 Pin=X1-34
Added Pin To Net: NetName=PB6 Pin=X1-2
Added Pin To Net: NetName=PB6 Pin=X1-2
Added Pin To Net: NetName=PB7 Pin=X1-3
Added Pin To Net: NetName=PB7 Pin=X1-3
Added Pin To Net: NetName=PB8 Pin=X1-4
Added Pin To Net: NetName=PB8 Pin=X1-4
Added Pin To Net: NetName=PB9 Pin=X1-5
Added Pin To Net: NetName=PB9 Pin=X1-5
Added Pin To Net: NetName=PC13 Pin=X1-6
Added Pin To Net: NetName=PC13 Pin=X1-6
Added Pin To Net: NetName=PC14 Pin=X1-7
Added Pin To Net: NetName=PC14 Pin=X1-7
Added Pin To Net: NetName=PC15 Pin=X1-8
Added Pin To Net: NetName=PC15 Pin=X1-8
Added Pin To Net: NetName=PA0 Pin=X1-9
Added Pin To Net: NetName=PA0 Pin=X1-9
Added Pin To Net: NetName=PA1 Pin=X1-10
Added Pin To Net: NetName=PA1 Pin=X1-10
Added Pin To Net: NetName=PA2 Pin=X1-11
Added Pin To Net: NetName=PA2 Pin=X1-11
Added Pin To Net: NetName=PA3 Pin=X1-12
Added Pin To Net: NetName=PA3 Pin=X1-12
Added Pin To Net: NetName=PA4 Pin=X1-13
Added Pin To Net: NetName=PA4 Pin=X1-13
Added Pin To Net: NetName=PA5 Pin=X1-14
Added Pin To Net: NetName=PA5 Pin=X1-14
Added Pin To Net: NetName=PA6 Pin=X1-15
Added Pin To Net: NetName=PA6 Pin=X1-15
Added Pin To Net: NetName=PA7 Pin=X1-16
Added Pin To Net: NetName=PA7 Pin=X1-16
Added Pin To Net: NetName=PB0 Pin=X1-17
Added Pin To Net: NetName=PB0 Pin=X1-17
Added Pin To Net: NetName=PB1 Pin=X1-18
Added Pin To Net: NetName=PB1 Pin=X1-18
Added Pin To Net: NetName=PB2 Pin=X1-19
Added Pin To Net: NetName=PB2 Pin=X1-19
Added Pin To Net: NetName=PB10 Pin=X1-20
Added Pin To Net: NetName=PB10 Pin=X1-20
Added Pin To Net: NetName=PB11 Pin=X1-21
Added Pin To Net: NetName=PB11 Pin=X1-21
Added Pin To Net: NetName=PB12 Pin=X1-22
Added Pin To Net: NetName=PB12 Pin=X1-22
Added Pin To Net: NetName=PB13 Pin=X1-23
Added Pin To Net: NetName=PB13 Pin=X1-23
Added Pin To Net: NetName=PB14 Pin=X1-24
Added Pin To Net: NetName=PB14 Pin=X1-24
Added Pin To Net: NetName=PB15 Pin=X1-25
Added Pin To Net: NetName=PB15 Pin=X1-25
Added Pin To Net: NetName=PA8 Pin=X1-26
Added Pin To Net: NetName=PA8 Pin=X1-26
Added Pin To Net: NetName=PA9 Pin=X1-27
Added Pin To Net: NetName=PA9 Pin=X1-27
Added Pin To Net: NetName=PA10 Pin=X1-28
Added Pin To Net: NetName=PA10 Pin=X1-28
Added Pin To Net: NetName=PA11 Pin=X1-29
Added Pin To Net: NetName=PA11 Pin=X1-29
Added Pin To Net: NetName=PA12 Pin=X1-30
Added Pin To Net: NetName=PA12 Pin=X1-30
Added Pin To Net: NetName=PA15 Pin=X1-31
Added Pin To Net: NetName=PA15 Pin=X1-31
Added Pin To Net: NetName=PB3 Pin=X1-32
Added Pin To Net: NetName=PB3 Pin=X1-32
Added Pin To Net: NetName=PB4 Pin=X1-33
Added Pin To Net: NetName=PB4 Pin=X1-33
Added Pin To Net: NetName=PB5 Pin=X1-34
Added Pin To Net: NetName=PB5 Pin=X1-34
Added Room: Name=STM32f103c8_minsystem V2_0
