Change Component Parameter Comment in C3 Old= New=cap
Change Component Parameter Comment in C4 Old= New=cap
Change Component Parameter Comment in C5 Old= New=cap
Change Component Parameter Comment in C6 Old= New=cap
Change Component Parameter Comment in C7 Old= New=cap
Change Component Parameter Comment in C8 Old= New=cap
Change Component Parameter Comment in C9 Old= New=cap
Change Component Parameter Comment in C10 Old= New=cap
Change Component Parameter Comment in C11 Old= New=cap
Change Component Parameter Comment in C? Old= New=cap
Change Component Parameter Comment in C? Old= New=cap
Change Component Parameter Comment in D1 Old= New=led
Change Component Parameter Comment in D2 Old= New=led
Change Component Parameter Description in K1 Old= New=3*6mm
Change Component Parameter Comment in R1 Old= New=Res
Change Component Parameter Comment in R2 Old= New=Res
Change Component Parameter Comment in R3 Old= New=Res
Change Component Parameter Comment in R4 Old= New=Res
Replace Symbol from C3 cap in G:\BaiduSyncdisk\Synchronization\Tony's diy\stm32F103C8T6最小系统 V2.0\STM32f103c8_minsystem V2_0.SchDoc with cap from 基本元件库.IntLib
Replace Symbol from C4 cap in G:\BaiduSyncdisk\Synchronization\Tony's diy\stm32F103C8T6最小系统 V2.0\STM32f103c8_minsystem V2_0.SchDoc with cap from 基本元件库.IntLib
Replace Symbol from C5 cap in G:\BaiduSyncdisk\Synchronization\Tony's diy\stm32F103C8T6最小系统 V2.0\STM32f103c8_minsystem V2_0.SchDoc with cap from 基本元件库.IntLib
Replace Symbol from C6 cap in G:\BaiduSyncdisk\Synchronization\Tony's diy\stm32F103C8T6最小系统 V2.0\STM32f103c8_minsystem V2_0.SchDoc with cap from 基本元件库.IntLib
Replace Symbol from C7 cap in G:\BaiduSyncdisk\Synchronization\Tony's diy\stm32F103C8T6最小系统 V2.0\STM32f103c8_minsystem V2_0.SchDoc with cap from 基本元件库.IntLib
Replace Symbol from C8 cap in G:\BaiduSyncdisk\Synchronization\Tony's diy\stm32F103C8T6最小系统 V2.0\STM32f103c8_minsystem V2_0.SchDoc with cap from 基本元件库.IntLib
Replace Symbol from C9 cap in G:\BaiduSyncdisk\Synchronization\Tony's diy\stm32F103C8T6最小系统 V2.0\STM32f103c8_minsystem V2_0.SchDoc with cap from 基本元件库.IntLib
Replace Symbol from C10 cap in G:\BaiduSyncdisk\Synchronization\Tony's diy\stm32F103C8T6最小系统 V2.0\STM32f103c8_minsystem V2_0.SchDoc with cap from 基本元件库.IntLib
Replace Symbol from C11 cap in G:\BaiduSyncdisk\Synchronization\Tony's diy\stm32F103C8T6最小系统 V2.0\STM32f103c8_minsystem V2_0.SchDoc with cap from 基本元件库.IntLib
Replace Symbol from C? cap in G:\BaiduSyncdisk\Synchronization\Tony's diy\stm32F103C8T6最小系统 V2.0\STM32f103c8_minsystem V2_0.SchDoc with cap from 基本元件库.IntLib
Replace Symbol from C? cap in G:\BaiduSyncdisk\Synchronization\Tony's diy\stm32F103C8T6最小系统 V2.0\STM32f103c8_minsystem V2_0.SchDoc with cap from 基本元件库.IntLib
Replace Symbol from D1 led in G:\BaiduSyncdisk\Synchronization\Tony's diy\stm32F103C8T6最小系统 V2.0\STM32f103c8_minsystem V2_0.SchDoc with led from 基本元件库.IntLib
Replace Symbol from D2 led in G:\BaiduSyncdisk\Synchronization\Tony's diy\stm32F103C8T6最小系统 V2.0\STM32f103c8_minsystem V2_0.SchDoc with led from 基本元件库.IntLib
Replace Symbol from K1 3-6微动开关 in G:\BaiduSyncdisk\Synchronization\Tony's diy\stm32F103C8T6最小系统 V2.0\STM32f103c8_minsystem V2_0.SchDoc with 3-6微动开关 from 基本元件库.IntLib
Replace Symbol from R1 Res in G:\BaiduSyncdisk\Synchronization\Tony's diy\stm32F103C8T6最小系统 V2.0\STM32f103c8_minsystem V2_0.SchDoc with Res from 基本元件库.IntLib
Replace Symbol from R2 Res in G:\BaiduSyncdisk\Synchronization\Tony's diy\stm32F103C8T6最小系统 V2.0\STM32f103c8_minsystem V2_0.SchDoc with Res from 基本元件库.IntLib
Replace Symbol from R3 Res in G:\BaiduSyncdisk\Synchronization\Tony's diy\stm32F103C8T6最小系统 V2.0\STM32f103c8_minsystem V2_0.SchDoc with Res from 基本元件库.IntLib
Replace Symbol from R4 Res in G:\BaiduSyncdisk\Synchronization\Tony's diy\stm32F103C8T6最小系统 V2.0\STM32f103c8_minsystem V2_0.SchDoc with Res from 基本元件库.IntLib
