Removed Pin From Net: NetName=DGND Pin=C3-1
Removed Pin From Net: NetName=5V Pin=C3-2
Removed Pin From Net: NetName=DGND Pin=C5-2
Change Component Comment : Designator=R5 Old Comment=1K New Comment=0603-1K'
Change Component Comment : Designator=C5 Old Comment=103 New Comment=0603-104
Change Component Comment : Designator=C3 Old Comment=104 New Comment=0603-104
Change Component Comment : Designator=R4 Old Comment=120 New Comment=0603-120
Added Pin To Net: NetName=5V Pin=C3-1
Added Pin To Net: NetName=DGND Pin=C3-2
Added Pin To Net: NetName=DGND Pin=C5-1
Added Pin To Net: NetName=NetC5_2 Pin=C5-2
Added Pin To Net: NetName=NetC5_2 Pin=IC1-5
Added Pin To Net: NetName=NetC5_2 Pin=R5-2
Added Net: Name=NetC5_2
Added Member To Class: ClassName=Sheet1 Member=Component C10 0603-106
Added Member To Class: ClassName=Sheet1 Member=Component C11 0603-106
Added Member To Class: ClassName=Sheet1 Member=Component C12 0603-104
Added Member To Class: ClassName=Sheet1 Member=Component C13 0603-104
Added Member To Class: ClassName=Sheet1 Member=Component C14 0603-104
Added Member To Class: ClassName=Sheet1 Member=Component C15 0603-104
Added Member To Class: ClassName=Sheet1 Member=Component C21 0603-106
Added Member To Class: ClassName=Sheet1 Member=Component C22 0603-106
Added Member To Class: ClassName=Sheet1 Member=Component C24 0603-106
Added Member To Class: ClassName=Sheet1 Member=Component C25 0603-106
Added Member To Class: ClassName=Sheet1 Member=Component C26 0603-104
Added Member To Class: ClassName=Sheet1 Member=Component C27 0603-104
Added Member To Class: ClassName=Sheet1 Member=Component C28 105
Added Member To Class: ClassName=Sheet1 Member=Component C29 104
Added Member To Class: ClassName=Sheet1 Member=Component C30 104
Added Member To Class: ClassName=Sheet1 Member=Component C31 104
Added Member To Class: ClassName=Sheet1 Member=Component IC1 TJA1050
Added Member To Class: ClassName=Sheet1 Member=Component R6 0R
Added Member To Class: ClassName=Sheet1 Member=Component R7 0603-100
Added Member To Class: ClassName=Sheet1 Member=Component R8 0603-100
Added Member To Class: ClassName=Sheet1 Member=Component R10 0603-10K
Added Member To Class: ClassName=Sheet1 Member=Component R11 0603-1K
Added Member To Class: ClassName=Sheet1 Member=Component R12 0603-1K
Added Member To Class: ClassName=Sheet1 Member=Component R16 0805-0.05
Added Member To Class: ClassName=Sheet1 Member=Component R17 10k
Added Member To Class: ClassName=Sheet1 Member=Component R18 0805-0.05
Added Member To Class: ClassName=Sheet1 Member=Component R19 0603-10k
Added Member To Class: ClassName=Sheet1 Member=Component R20 0603-100
Added Member To Class: ClassName=Sheet1 Member=Component R21 0603-10k
Added Member To Class: ClassName=Sheet1 Member=Component R22 0603-100
Added Member To Class: ClassName=Sheet1 Member=Component R23 0603-10k
Added Member To Class: ClassName=Sheet1 Member=Component R24 0603-10k
Added Member To Class: ClassName=Sheet1 Member=Component R25 0603-100
Added Member To Class: ClassName=Sheet1 Member=Component R26 0603-100
Added Member To Class: ClassName=Sheet1 Member=Component R27 0603-100
Added Member To Class: ClassName=Sheet1 Member=Component R28 0603-10k
