Removed Pin From Net: NetName=PGND Pin=C12-1
Removed Pin From Net: NetName=NetC10_2 Pin=C12-2
Removed Pin From Net: NetName=PGND Pin=C13-1
Removed Pin From Net: NetName=NetC11_2 Pin=C13-2
Removed Pin From Net: NetName=PGND Pin=C23-1
Removed Pin From Net: NetName=DC+ Pin=C23-2
Removed Pin From Net: NetName=PGND Pin=C26-1
Removed Pin From Net: NetName=DC+ Pin=C26-2
Removed Member From Class: ClassName=Sheet1 Member=C28
Removed Member From Class: ClassName=Sheet1 Member=C29
Removed Member From Class: ClassName=Sheet1 Member=C30
Removed Member From Class: ClassName=Sheet1 Member=C31
Change Component Designator: OldDesignator=C14 NewDesignator=C12
Change Component Designator: OldDesignator=C15 NewDesignator=C13
Change Component Designator: OldDesignator=C16 NewDesignator=C14
Change Component Designator: OldDesignator=C17 NewDesignator=C15
Change Component Designator: OldDesignator=C18 NewDesignator=C16
Change Component Designator: OldDesignator=C19 NewDesignator=C17
Change Component Designator: OldDesignator=C20 NewDesignator=C18
Change Component Designator: OldDesignator=C21 NewDesignator=C19
Change Component Designator: OldDesignator=C22 NewDesignator=C20
Change Component Designator: OldDesignator=C24 NewDesignator=C21
Change Component Designator: OldDesignator=C25 NewDesignator=C22
Change Component Designator: OldDesignator=C27 NewDesignator=C23
Change Component Designator: OldDesignator=C28 NewDesignator=C24
Change Component Designator: OldDesignator=C29 NewDesignator=C25
Change Component Designator: OldDesignator=C30 NewDesignator=C26
Change Component Designator: OldDesignator=C31 NewDesignator=C27
Change Component Designator: OldDesignator=XS2 NewDesignator=XS1
Change Component Designator: OldDesignator=XS3 NewDesignator=XS2
Change Component Description : Designator=IC3 Old Description=三通道板桥驱动芯片 New Description= 三通道板桥驱动芯片
Change Net Name : Old Net Name=NetC14_2 New Net Name=NetC12_2
Change Net Name : Old Net Name=NetC15_2 New Net Name=NetC13_2
Change Net Name : Old Net Name=NetC18_1 New Net Name=NetC16_1
Change Net Name : Old Net Name=NetC20_1 New Net Name=NetC18_1
Change Net Name : Old Net Name=NetC27_1 New Net Name=NetC23_1
Added Room: Name=Sheet1
