Removed Pin From Net: NetName=PGND Pin=C5-1
Removed Pin From Net: NetName=3v3 Pin=C5-2
Removed Pin From Net: NetName=PGND Pin=C6-1
Removed Pin From Net: NetName=8V4 Pin=C6-2
Removed Pin From Net: NetName=DGND Pin=C8-1
Removed Pin From Net: NetName=DGND Pin=C9-1
Removed Pin From Net: NetName=M1_ADC_IU Pin=C9-2
Removed Pin From Net: NetName=DGND Pin=C10-1
Removed Pin From Net: NetName=M1_ADC_IV Pin=C10-2
Removed Pin From Net: NetName=PGND Pin=C11-2
Removed Pin From Net: NetName=DGND Pin=C13-1
Removed Pin From Net: NetName=3v3 Pin=C13-2
Removed Pin From Net: NetName=DGND Pin=C14-1
Removed Pin From Net: NetName=PGND Pin=C15-1
Removed Pin From Net: NetName=PGND Pin=C16-1
Removed Pin From Net: NetName=PGND Pin=C17-1
Removed Pin From Net: NetName=DGND Pin=C18-1
Removed Pin From Net: NetName=3v3 Pin=C18-2
Removed Pin From Net: NetName=3v3 Pin=C20-1
Removed Pin From Net: NetName=NetC21_1 Pin=C21-1
Removed Pin From Net: NetName=DGND Pin=C21-2
Removed Pin From Net: NetName=DGND Pin=C34-1
Removed Pin From Net: NetName=DGND Pin=C36-2
Removed Pin From Net: NetName=DGND Pin=C37-1
Removed Pin From Net: NetName=DGND Pin=C38-1
Removed Pin From Net: NetName=3v3 Pin=CON1-1
Removed Pin From Net: NetName=M_TLE5012_MOSI Pin=CON1-2
Removed Pin From Net: NetName=M_TLE5012_MISO Pin=CON1-3
Removed Pin From Net: NetName=M_TLE5012_CLK Pin=CON1-4
Removed Pin From Net: NetName=DGND Pin=CON1-6
Removed Pin From Net: NetName=PGND Pin=CON2-0
Removed Pin From Net: NetName=PGND Pin=CON2-0
Removed Pin From Net: NetName=M1_U Pin=CON2-6
Removed Pin From Net: NetName=M1_U Pin=CON2-7
Removed Pin From Net: NetName=M1_U Pin=CON2-8
Removed Pin From Net: NetName=M1_V Pin=CON2-9
Removed Pin From Net: NetName=M1_V Pin=CON2-10
Removed Pin From Net: NetName=M1_V Pin=CON2-11
Removed Pin From Net: NetName=M1_W Pin=CON2-12
Removed Pin From Net: NetName=M1_W Pin=CON2-13
Removed Pin From Net: NetName=M1_W Pin=CON2-14
Removed Pin From Net: NetName=NetD2_2 Pin=D3-2
Removed Pin From Net: NetName=NetD2_2 Pin=K1-1
Removed Pin From Net: NetName=8V4 Pin=Q1-3
Removed Pin From Net: NetName=PGND Pin=Q2-3
Removed Pin From Net: NetName=PGND Pin=Q3-2
Removed Pin From Net: NetName=PGND Pin=Q4-3
Removed Pin From Net: NetName=PGND Pin=R5-1
Removed Pin From Net: NetName=PGND Pin=R8-1
Removed Pin From Net: NetName=3v3 Pin=R10-2
Removed Pin From Net: NetName=PGND Pin=R12-2
Removed Pin From Net: NetName=PGND Pin=R22-1
Removed Pin From Net: NetName=3v3 Pin=R25-1
Removed Pin From Net: NetName=5V Pin=R26-1
Removed Pin From Net: NetName=3v3 Pin=R28-1
Removed Pin From Net: NetName=DGND Pin=R31-1
Removed Pin From Net: NetName=PGND Pin=U3-1
Removed Pin From Net: NetName=3v3 Pin=U3-2
Removed Pin From Net: NetName=8V4 Pin=U3-3
Removed Pin From Net: NetName=3v3 Pin=U4-8
Removed Pin From Net: NetName=DGND Pin=U4-11
Removed Pin From Net: NetName=3v3 Pin=U4-13
Removed Pin From Net: NetName=DGND Pin=U4-18
Removed Pin From Net: NetName=DGND Pin=U4-20
Removed Pin From Net: NetName=PGND Pin=U5-4
Removed Pin From Net: NetName=PGND Pin=U5-12
Removed Pin From Net: NetName=PGND Pin=U5-15
Removed Pin From Net: NetName=PGND Pin=U5-17
Removed Pin From Net: NetName=DGND Pin=U6-3
Removed Pin From Net: NetName=PGND Pin=XS1-13
Removed Pin From Net: NetName=PGND Pin=XS1-14
Removed Pin From Net: NetName=PGND Pin=XS1-15
Removed Pin From Net: NetName=PGND Pin=XS1-16
Removed Pin From Net: NetName=PGND Pin=XS1-A1B12
Removed Pin From Net: NetName=PGND Pin=XS1-B1A12
Removed Pin From Net: NetName=DGND Pin=XS2-1
Removed Pin From Net: NetName=LED Pin=XS2-2
Removed Pin From Net: NetName=M1_TIM_PWM1 Pin=XS2-9
Removed Pin From Net: NetName=M1_TIM_PWM2 Pin=XS2-10
Removed Pin From Net: NetName=M1_TIM_PWM3 Pin=XS2-11
Removed Pin From Net: NetName=M1_FAULTB Pin=XS2-12
Removed Pin From Net: NetName=M_EN Pin=XS2-13
Removed Pin From Net: NetName=M1_ADC_IU Pin=XS2-14
Removed Pin From Net: NetName=M1_ADC_IV Pin=XS2-15
Removed Pin From Net: NetName=M_TLE5012_CLK Pin=XS2-23
Removed Pin From Net: NetName=M_TLE5012_MISO Pin=XS2-24
Removed Pin From Net: NetName=M_TLE5012_MOSI Pin=XS2-25
Removed Pin From Net: NetName=5V Pin=XS2-36
Removed Member From Class: ClassName=Sheet1 Member=BAT1
Removed Member From Class: ClassName=Sheet1 Member=C32
Removed Member From Class: ClassName=Sheet1 Member=C33
Removed Member From Class: ClassName=Sheet1 Member=C34
Removed Member From Class: ClassName=Sheet1 Member=C35
Removed Member From Class: ClassName=Sheet1 Member=C36
Removed Member From Class: ClassName=Sheet1 Member=C37
Removed Member From Class: ClassName=Sheet1 Member=C38
Removed Member From Class: ClassName=Sheet1 Member=CON2
Removed Member From Class: ClassName=Sheet1 Member=D3
Removed Member From Class: ClassName=Sheet1 Member=D4
Removed Member From Class: ClassName=Sheet1 Member=D5
Removed Member From Class: ClassName=Sheet1 Member=D6
Removed Member From Class: ClassName=Sheet1 Member=D7
Removed Member From Class: ClassName=Sheet1 Member=L1
Removed Member From Class: ClassName=Sheet1 Member=Q1
Removed Member From Class: ClassName=Sheet1 Member=Q2
Removed Member From Class: ClassName=Sheet1 Member=Q3
Removed Member From Class: ClassName=Sheet1 Member=Q4
Removed Member From Class: ClassName=Sheet1 Member=R30
Removed Member From Class: ClassName=Sheet1 Member=R31
Removed Member From Class: ClassName=Sheet1 Member=R32
Removed Member From Class: ClassName=Sheet1 Member=R33
Removed Member From Class: ClassName=Sheet1 Member=R34
Removed Member From Class: ClassName=Sheet1 Member=R35
Removed Member From Class: ClassName=Sheet1 Member=R36
Removed Member From Class: ClassName=Sheet1 Member=R37
Removed Member From Class: ClassName=Sheet1 Member=R38
Removed Member From Class: ClassName=Sheet1 Member=R39
Removed Member From Class: ClassName=Sheet1 Member=R40
Removed Member From Class: ClassName=Sheet1 Member=R41
Removed Member From Class: ClassName=Sheet1 Member=R42
Removed Member From Class: ClassName=Sheet1 Member=R43
Removed Member From Class: ClassName=Sheet1 Member=U6
Removed Member From Class: ClassName=Sheet1 Member=W1
Removed Member From Class: ClassName=Sheet1 Member=W2
Removed Member From Class: ClassName=Sheet1 Member=XS1
Change Component Footprint: Designator=C16 Old Footprint=CAP_0805 New Footprint=CAP_0603
Change Component Footprint: Designator=C17 Old Footprint=CAP_0805 New Footprint=CAP_0603
Change Component Footprint: Designator=CON1 Old Footprint=FFC_0.5_6 New Footprint=SH1.0 Horizontal 2P
Change Component Footprint: Designator=U5 Old Footprint=QFN-16_4x4 New Footprint=LQFP48
Change Component Footprint: Designator=U4 Old Footprint=QFN-24_3X3 New Footprint=SO-8
Change Component Footprint: Designator=R3 Old Footprint=RES_0603 New Footprint=RES_0805-SHORT
Change Component Footprint: Designator=D2 Old Footprint=SOD-323 New Footprint=led0603
Change Component Footprint: Designator=U2 Old Footprint=SOT23-6 New Footprint=SOT23-3
Change Component Footprint: Designator=U3 Old Footprint=SOT223 New Footprint=SOT23-5
Change Component Footprint: Designator=XS2 Old Footprint=STM32F103C8T6 V2_1座子 New Footprint=SSP-3P
Change Component Comment : Designator=R5 Old Comment=0603-2K New Comment=1K
Change Component Comment : Designator=C8 Old Comment=0603-2u2 New Comment=104
Change Component Comment : Designator=C19 Old Comment=0603-2u2 New Comment=104
Change Component Comment : Designator=R13 Old Comment=0603-10k New Comment=4.7K
Change Component Comment : Designator=R29 Old Comment=0603-10k New Comment=10k
Change Component Comment : Designator=C5 Old Comment=0603-22u New Comment=103
Change Component Comment : Designator=R4 Old Comment=0603-100K New Comment=120
Change Component Comment : Designator=C9 Old Comment=0603-104 New Comment=2u2
Change Component Comment : Designator=C18 Old Comment=0603-104 New Comment=22p
Change Component Comment : Designator=C20 Old Comment=0603-104 New Comment=22p
Change Component Comment : Designator=C3 Old Comment=0603-104 New Comment=104
Change Component Comment : Designator=C4 Old Comment=0603-104 New Comment=106
Change Component Comment : Designator=C6 Old Comment=0603-106 New Comment=106
Change Component Comment : Designator=R3 Old Comment=0603-330 New Comment=0R
Change Component Comment : Designator=R2 Old Comment=0603-330 New Comment=0603-3k
Change Component Comment : Designator=C16 Old Comment=0805-22uF New Comment=104
Change Component Comment : Designator=C17 Old Comment=0805-22uF New Comment=104
Change Component Comment : Designator=U3 Old Comment=AMS1117-3V3 New Comment=ME6211 3V3
Change Component Comment : Designator=CON1 Old Comment=FFC_0.6 New Comment=SH1.0_2
Change Component Comment : Designator=U2 Old Comment=HY2120-AB New Comment=PESD1CAN
Change Component Comment : Designator=U4 Old Comment=MPU6500 New Comment=TLE5012BE1000
Change Component Comment : Designator=U5 Old Comment=SLM6800 New Comment=STM32F103C8T6
Change Component Comment : Designator=D2 Old Comment=ss14 New Comment=led
Change Component Comment : Designator=XS2 Old Comment=STM32F103C8T6模块座 V2.1 New Comment=HDR-1X3
Change Component Designator: OldDesignator=C22 NewDesignator=C10
Change Component Designator: OldDesignator=C23 NewDesignator=C11
Change Component Designator: OldDesignator=C24 NewDesignator=C12
Change Component Designator: OldDesignator=C25 NewDesignator=C13
Change Component Designator: OldDesignator=C26 NewDesignator=C14
Change Component Designator: OldDesignator=C27 NewDesignator=C15
Change Component Designator: OldDesignator=C28 NewDesignator=C21
Change Component Designator: OldDesignator=C29 NewDesignator=C22
Change Component Designator: OldDesignator=C30 NewDesignator=C23
Change Component Designator: OldDesignator=C31 NewDesignator=C24
Change Component Designator: OldDesignator=C32 NewDesignator=C25
Change Component Designator: OldDesignator=C33 NewDesignator=C26
Change Component Designator: OldDesignator=C35 NewDesignator=C27
Change Component Designator: OldDesignator=IC1 NewDesignator=IC2
Change Component Designator: OldDesignator=IC2 NewDesignator=IC3
Change Component Designator: OldDesignator=R9 NewDesignator=R6
Change Component Designator: OldDesignator=R14 NewDesignator=R7
Change Component Designator: OldDesignator=R15 NewDesignator=R8
Change Component Designator: OldDesignator=R17 NewDesignator=R9
Change Component Designator: OldDesignator=R18 NewDesignator=R10
Change Component Designator: OldDesignator=R20 NewDesignator=R11
Change Component Designator: OldDesignator=R21 NewDesignator=R12
Change Component Designator: OldDesignator=R23 NewDesignator=R14
Change Component Designator: OldDesignator=R24 NewDesignator=R15
Change Component Designator: OldDesignator=R27 NewDesignator=R16
Change Component Designator: OldDesignator=R32 NewDesignator=R18
Change Component Designator: OldDesignator=R34 NewDesignator=R19
Change Component Designator: OldDesignator=R35 NewDesignator=R20
Change Component Designator: OldDesignator=R36 NewDesignator=R21
Change Component Designator: OldDesignator=R37 NewDesignator=R22
Change Component Designator: OldDesignator=R38 NewDesignator=R23
Change Component Designator: OldDesignator=R39 NewDesignator=R24
Change Component Designator: OldDesignator=R40 NewDesignator=R25
Change Component Designator: OldDesignator=R41 NewDesignator=R26
Change Component Designator: OldDesignator=R42 NewDesignator=R27
Change Component Designator: OldDesignator=R43 NewDesignator=R28
Change component parameters: Designator = "CON1" ("CON1"); Footprint = "FFC_0.5_6"; UniqueID = "\IELCRADX" ("\IELCRADX")
Change component parameters: Designator = "XS2" ("XS2"); Footprint = "STM32F103C8T6 V2_1座子"; UniqueID = "\DJRCQDTN" ("\DJRCQDTN")
Change component parameters (AddParameter): Name = "BOM名称"; Value = "3P接插件"; VariantName = "[No Variations]"
Change component parameters (AddParameter): Name = "学习资源"; Value = "www.ooocke.com"; VariantName = "[No Variations]"
Change component parameters (AddParameter): Name = "版权归属"; Value = "源创客"; VariantName = "[No Variations]"
Added Component: Designator=C28(CAP_0603)
Added Component: Designator=C29(CAP_0603)
Added Component: Designator=C30(CAP_0603)
Added Component: Designator=C31(CAP_0603)
Added Component: Designator=IC1(SOP8_N)
Add component (AddParameter): Name = "BOM名称"; Value = "CAN总线收发芯片"; VariantName = "[No Variations]"
Add component (AddParameter): Name = "学习资源"; Value = "www.ooocke.com"; VariantName = "[No Variations]"
Add component (AddParameter): Name = "版权归属"; Value = "源创客"; VariantName = "[No Variations]"
Added Component: Designator=R17(RES_0603)
Added Component: Designator=S1(XT30UPB-M)
Added Component: Designator=XS3(SSP-2P)
Add component (AddParameter): Name = "BOM名称"; Value = "2P接插件"; VariantName = "[No Variations]"
Add component (AddParameter): Name = "学习资源"; Value = "www.ooocke.com"; VariantName = "[No Variations]"
Add component (AddParameter): Name = "版权归属"; Value = "源创客"; VariantName = "[No Variations]"
Added Component: Designator=XT1(SMD3225_4p)
Added Pin To Net: NetName=DGND Pin=C3-1
Added Pin To Net: NetName=5V Pin=C3-2
Added Pin To Net: NetName=3v3 Pin=C4-2
Added Pin To Net: NetName=DGND Pin=C5-2
Added Pin To Net: NetName=3v3 Pin=C7-2
Added Pin To Net: NetName=3v3 Pin=C8-1
Added Pin To Net: NetName=DGND Pin=C8-2
Added Pin To Net: NetName=3v3 Pin=C9-1
Added Pin To Net: NetName=DGND Pin=C9-2
Added Pin To Net: NetName=DGND Pin=C16-1
Added Pin To Net: NetName=3v3 Pin=C16-2
Added Pin To Net: NetName=3v3 Pin=C17-1
Added Pin To Net: NetName=DGND Pin=C17-2
Added Pin To Net: NetName=DGND Pin=C18-2
Added Pin To Net: NetName=DGND Pin=C28-1
Added Pin To Net: NetName=3v3 Pin=C28-2
Added Pin To Net: NetName=DGND Pin=C29-1
Added Pin To Net: NetName=3v3 Pin=C29-2
Added Pin To Net: NetName=DGND Pin=C30-2
Added Pin To Net: NetName=DGND Pin=C31-1
Added Pin To Net: NetName=3v3 Pin=C31-2
Added Pin To Net: NetName=3v3 Pin=D2-1
Added Pin To Net: NetName=DGND Pin=IC1-2
Added Pin To Net: NetName=5V Pin=IC1-3
Added Pin To Net: NetName=DGND Pin=IC1-8
Added Pin To Net: NetName=3v3 Pin=IC2-8
Added Pin To Net: NetName=NetD2_2 Pin=R2-1
Added Pin To Net: NetName=DGND Pin=R2-2
Added Pin To Net: NetName=3v3 Pin=R5-1
Added Pin To Net: NetName=M_TLE5012_MOSI Pin=R13-1
Added Pin To Net: NetName=M_TLE5012_MISO Pin=R13-2
Added Pin To Net: NetName=3v3 Pin=R17-1
Added Pin To Net: NetName=DGND Pin=R29-1
Added Pin To Net: NetName=PGND Pin=S1-1
Added Pin To Net: NetName=8V4 Pin=S1-2
Added Pin To Net: NetName=DGND Pin=U2-3
Added Pin To Net: NetName=5V Pin=U3-1
Added Pin To Net: NetName=5V Pin=U3-3
Added Pin To Net: NetName=3v3 Pin=U3-5
Added Pin To Net: NetName=M_TLE5012_CLK Pin=U4-2
Added Pin To Net: NetName=M_TLE5012_MISO Pin=U4-4
Added Pin To Net: NetName=3v3 Pin=U4-6
Added Pin To Net: NetName=DGND Pin=U4-7
Added Pin To Net: NetName=3v3 Pin=U5-1
Added Pin To Net: NetName=DGND Pin=U5-8
Added Pin To Net: NetName=3v3 Pin=U5-9
Added Pin To Net: NetName=M1_TIM_PWM1 Pin=U5-10
Added Pin To Net: NetName=M1_TIM_PWM2 Pin=U5-11
Added Pin To Net: NetName=M1_TIM_PWM3 Pin=U5-12
Added Pin To Net: NetName=M1_FAULTB Pin=U5-13
Added Pin To Net: NetName=M_EN Pin=U5-14
Added Pin To Net: NetName=M1_ADC_IU Pin=U5-15
Added Pin To Net: NetName=M1_ADC_IV Pin=U5-16
Added Pin To Net: NetName=DGND Pin=U5-23
Added Pin To Net: NetName=3v3 Pin=U5-24
Added Pin To Net: NetName=M_TLE5012_CLK Pin=U5-26
Added Pin To Net: NetName=M_TLE5012_MISO Pin=U5-27
Added Pin To Net: NetName=M_TLE5012_MOSI Pin=U5-28
Added Pin To Net: NetName=DGND Pin=U5-35
Added Pin To Net: NetName=3v3 Pin=U5-36
Added Pin To Net: NetName=LED Pin=U5-42
Added Pin To Net: NetName=DGND Pin=U5-47
Added Pin To Net: NetName=3v3 Pin=U5-48
Added Pin To Net: NetName=M1_U Pin=XS2-1
Added Pin To Net: NetName=M1_V Pin=XS2-2
Added Pin To Net: NetName=M1_W Pin=XS2-3
Added Pin To Net: NetName=DGND Pin=XT1-2
Added Pin To Net: NetName=DGND Pin=XT1-4
Change Net Name : Old Net Name=8V4 New Net Name=DC+
Change Net Name : Old Net Name=NetC21_1 New Net Name=NetIC2_3
Change Net Name : Old Net Name=NetC22_2 New Net Name=NetC10_2
Change Net Name : Old Net Name=NetC23_2 New Net Name=NetC11_2
Change Net Name : Old Net Name=NetC26_2 New Net Name=NetC14_2
Change Net Name : Old Net Name=NetC27_2 New Net Name=NetC15_2
Change Net Name : Old Net Name=NetC35_1 New Net Name=NetC27_1
Change Net Name : Old Net Name=NetIC1_1 New Net Name=NetIC2_1
Change Net Name : Old Net Name=NetIC1_2 New Net Name=NetIC2_2
Change Net Name : Old Net Name=NetIC1_6 New Net Name=NetIC2_6
Change Net Name : Old Net Name=NetIC1_7 New Net Name=NetIC2_7
Change Net Name : Old Net Name=NetIC2_12 New Net Name=NetIC3_12
Change Net Name : Old Net Name=NetIC2_13 New Net Name=NetIC3_13
Change Net Name : Old Net Name=NetIC2_14 New Net Name=NetIC3_14
Change Net Name : Old Net Name=NetIC2_15 New Net Name=NetIC3_15
Change Net Name : Old Net Name=NetIC2_16 New Net Name=NetIC3_16
Change Net Name : Old Net Name=NetIC2_17 New Net Name=NetIC3_17
Change Net Name : Old Net Name=NetIC2_19 New Net Name=NetIC3_19
Change Net Name : Old Net Name=NetIC2_20 New Net Name=NetIC3_20
Added Pin To Net: NetName=BOOT0 Pin=R29-2
Added Pin To Net: NetName=BOOT0 Pin=U5-44
Added Net: Name=BOOT0
Added Pin To Net: NetName=CAN1_RX Pin=IC1-4
Added Pin To Net: NetName=CAN1_RX Pin=U5-45
Added Net: Name=CAN1_RX
Added Pin To Net: NetName=CAN1_TX Pin=IC1-1
Added Pin To Net: NetName=CAN1_TX Pin=U5-46
Added Net: Name=CAN1_TX
Added Pin To Net: NetName=CAN1H Pin=CON1-1
Added Pin To Net: NetName=CAN1H Pin=IC1-7
Added Pin To Net: NetName=CAN1H Pin=R3-1
Added Pin To Net: NetName=CAN1H Pin=U2-1
Added Net: Name=CAN1H
Added Pin To Net: NetName=CAN1L Pin=CON1-2
Added Pin To Net: NetName=CAN1L Pin=IC1-6
Added Pin To Net: NetName=CAN1L Pin=R4-1
Added Pin To Net: NetName=CAN1L Pin=U2-2
Added Net: Name=CAN1L
Added Pin To Net: NetName=CS Pin=U4-3
Added Pin To Net: NetName=CS Pin=U5-29
Added Net: Name=CS
Added Pin To Net: NetName=GND Pin=C4-1
Added Pin To Net: NetName=GND Pin=C6-1
Added Pin To Net: NetName=GND Pin=U3-2
Added Net: Name=GND
Added Pin To Net: NetName=NetC5_1 Pin=C5-1
Added Pin To Net: NetName=NetC5_1 Pin=IC1-5
Added Pin To Net: NetName=NetC5_1 Pin=R5-2
Added Net: Name=NetC5_1
Added Pin To Net: NetName=NetC6_2 Pin=C6-2
Added Pin To Net: NetName=NetC6_2 Pin=U3-4
Added Net: Name=NetC6_2
Added Pin To Net: NetName=NetC18_1 Pin=C18-1
Added Pin To Net: NetName=NetC18_1 Pin=U5-5
Added Pin To Net: NetName=NetC18_1 Pin=XT1-1
Added Pin To Net: NetName=NetC18_1 Pin=XT1-1
Added Net: Name=NetC18_1
Added Pin To Net: NetName=NetC20_1 Pin=C20-1
Added Pin To Net: NetName=NetC20_1 Pin=U5-6
Added Pin To Net: NetName=NetC20_1 Pin=XT1-3
Added Net: Name=NetC20_1
Added Pin To Net: NetName=NetR3_2 Pin=R3-2
Added Pin To Net: NetName=NetR3_2 Pin=R4-2
Added Net: Name=NetR3_2
Added Pin To Net: NetName=NRST Pin=C30-1
Added Pin To Net: NetName=NRST Pin=R17-2
Added Pin To Net: NetName=NRST Pin=U5-7
Added Net: Name=NRST
Added Pin To Net: NetName=PA7 Pin=U5-17
Added Net: Name=PA7
Added Pin To Net: NetName=PA9 Pin=U5-30
Added Net: Name=PA9
Added Pin To Net: NetName=PA10 Pin=U5-31
Added Net: Name=PA10
Added Pin To Net: NetName=PA11 Pin=U5-32
Added Net: Name=PA11
Added Pin To Net: NetName=PA12 Pin=U5-33
Added Net: Name=PA12
Added Pin To Net: NetName=PA15 Pin=U5-38
Added Net: Name=PA15
Added Pin To Net: NetName=PB0 Pin=U5-18
Added Net: Name=PB0
Added Pin To Net: NetName=PB1 Pin=U5-19
Added Net: Name=PB1
Added Pin To Net: NetName=PB2 Pin=U5-20
Added Net: Name=PB2
Added Pin To Net: NetName=PB3 Pin=U5-39
Added Net: Name=PB3
Added Pin To Net: NetName=PB4 Pin=U5-40
Added Net: Name=PB4
Added Pin To Net: NetName=PB5 Pin=U5-41
Added Net: Name=PB5
Added Pin To Net: NetName=PB7 Pin=K1-1
Added Pin To Net: NetName=PB7 Pin=U5-43
Added Net: Name=PB7
Added Pin To Net: NetName=PB10 Pin=U5-21
Added Net: Name=PB10
Added Pin To Net: NetName=PB11 Pin=U5-22
Added Net: Name=PB11
Added Pin To Net: NetName=PB12 Pin=U5-25
Added Net: Name=PB12
Added Pin To Net: NetName=PC13 Pin=U5-2
Added Net: Name=PC13
Added Pin To Net: NetName=PC14 Pin=U5-3
Added Net: Name=PC14
Added Pin To Net: NetName=PC15 Pin=U5-4
Added Net: Name=PC15
Added Pin To Net: NetName=SWCLK Pin=U5-37
Added Pin To Net: NetName=SWCLK Pin=XS3-2
Added Net: Name=SWCLK
Added Pin To Net: NetName=SWDIO Pin=U5-34
Added Pin To Net: NetName=SWDIO Pin=XS3-1
Added Net: Name=SWDIO
Added Member To Class: ClassName=Sheet1 Member=Component IC3 MP6536DU
Added Member To Class: ClassName=Sheet1 Member=Component S1 DC-IO
Added Member To Class: ClassName=Sheet1 Member=Component XS3 HDR-1X2
Added Member To Class: ClassName=Sheet1 Member=Component XT1 8M
Added Room: Name=Sheet1
