Change Component Designator: Old Designator=C22 New Designator=C10
Change Component Designator: Old Designator=C23 New Designator=C11
Change Component Designator: Old Designator=C24 New Designator=C12
Change Component Designator: Old Designator=C25 New Designator=C13
Change Component Designator: Old Designator=C26 New Designator=C14
Change Component Designator: Old Designator=C27 New Designator=C15
Change Component Designator: Old Designator=C28 New Designator=C21
Change Component Designator: Old Designator=C29 New Designator=C22
Change Component Designator: Old Designator=C30 New Designator=C23
Change Component Designator: Old Designator=C31 New Designator=C24
Change Component Designator: Old Designator=C32 New Designator=C25
Change Component Designator: Old Designator=C33 New Designator=C26
Change Component Designator: Old Designator=C35 New Designator=C27
Change Component Designator: Old Designator=C? New Designator=C3
Change Component Designator: Old Designator=C? New Designator=C4
Change Component Designator: Old Designator=C? New Designator=C5
Change Component Designator: Old Designator=C? New Designator=C6
Change Component Designator: Old Designator=C? New Designator=C8
Change Component Designator: Old Designator=C? New Designator=C9
Change Component Designator: Old Designator=C? New Designator=C16
Change Component Designator: Old Designator=C? New Designator=C17
Change Component Designator: Old Designator=C? New Designator=C18
Change Component Designator: Old Designator=C? New Designator=C19
Change Component Designator: Old Designator=C? New Designator=C20
Change Component Designator: Old Designator=C? New Designator=C28
Change Component Designator: Old Designator=C? New Designator=C29
Change Component Designator: Old Designator=C? New Designator=C30
Change Component Designator: Old Designator=C? New Designator=C31
Change Component Designator: Old Designator=D? New Designator=D2
Change Component Designator: Old Designator=IC1 New Designator=IC2
Change Component Designator: Old Designator=IC2 New Designator=IC3
Change Component Designator: Old Designator=IC? New Designator=IC1
Change Component Designator: Old Designator=K? New Designator=K1
Change Component Designator: Old Designator=R9 New Designator=R6
Change Component Designator: Old Designator=R14 New Designator=R7
Change Component Designator: Old Designator=R15 New Designator=R8
Change Component Designator: Old Designator=R17 New Designator=R9
Change Component Designator: Old Designator=R18 New Designator=R10
Change Component Designator: Old Designator=R20 New Designator=R11
Change Component Designator: Old Designator=R21 New Designator=R12
Change Component Designator: Old Designator=R23 New Designator=R14
Change Component Designator: Old Designator=R24 New Designator=R15
Change Component Designator: Old Designator=R27 New Designator=R16
Change Component Designator: Old Designator=R32 New Designator=R18
Change Component Designator: Old Designator=R34 New Designator=R19
Change Component Designator: Old Designator=R35 New Designator=R20
Change Component Designator: Old Designator=R36 New Designator=R21
Change Component Designator: Old Designator=R37 New Designator=R22
Change Component Designator: Old Designator=R38 New Designator=R23
Change Component Designator: Old Designator=R39 New Designator=R24
Change Component Designator: Old Designator=R40 New Designator=R25
Change Component Designator: Old Designator=R41 New Designator=R26
Change Component Designator: Old Designator=R42 New Designator=R27
Change Component Designator: Old Designator=R43 New Designator=R28
Change Component Designator: Old Designator=R? New Designator=R2
Change Component Designator: Old Designator=R? New Designator=R3
Change Component Designator: Old Designator=R? New Designator=R4
Change Component Designator: Old Designator=R? New Designator=R5
Change Component Designator: Old Designator=R? New Designator=R13
Change Component Designator: Old Designator=R? New Designator=R17
Change Component Designator: Old Designator=R? New Designator=R29
Change Component Designator: Old Designator=S? New Designator=S1
Change Component Designator: Old Designator=U? New Designator=U2
Change Component Designator: Old Designator=U? New Designator=U3
Change Component Designator: Old Designator=U? New Designator=U4
Change Component Designator: Old Designator=U? New Designator=U5
Change Component Designator: Old Designator=XS? New Designator=XS1
Change Component Designator: Old Designator=XS? New Designator=XS2
Change Component Designator: Old Designator=XS? New Designator=XS3
Change Component Designator: Old Designator=XT? New Designator=XT1
