Removed Pin From Net: NetName=PGND Pin=CON7-0
Removed Pin From Net: NetName=PGND Pin=CON7-0
Removed Pin From Net: NetName=8V4 Pin=CON7-1
Removed Pin From Net: NetName=PGND Pin=CON7-2
Removed Pin From Net: NetName=USB_5V Pin=D2-2
Removed Pin From Net: NetName=VDD_5V Pin=D4-2
Removed Pin From Net: NetName=NetD3_2 Pin=R14-1
Removed Pin From Net: NetName=NetD3_1 Pin=U6-8
Removed Pin From Net: NetName=PGND Pin=XS5-13
Removed Pin From Net: NetName=PGND Pin=XS5-14
Removed Pin From Net: NetName=PGND Pin=XS5-15
Removed Pin From Net: NetName=PGND Pin=XS5-16
Removed Pin From Net: NetName=PGND Pin=XS5-A1B12
Removed Pin From Net: NetName=PGND Pin=XS5-B1A12
Removed Member From Class: ClassName=Sheet1 Member=CON7
Added Component: Designator=W1(designed by£¨430-70£©)
Added Component: Designator=W2(Tony_2(200-70))
Added Pin To Net: NetName=USB_5V Pin=D2-1
Added Pin To Net: NetName=VDD_5V Pin=D4-1
Added Pin To Net: NetName=NetD3_1 Pin=R14-1
Added Pin To Net: NetName=NetD3_2 Pin=U6-8
Added Pin To Net: NetName=GND Pin=XS5-13
Added Pin To Net: NetName=GND Pin=XS5-14
Added Pin To Net: NetName=GND Pin=XS5-15
Added Pin To Net: NetName=GND Pin=XS5-16
Added Pin To Net: NetName=GND Pin=XS5-A1B12
Added Pin To Net: NetName=GND Pin=XS5-B1A12
Added Net: Name=GND
Added Pin To Net: NetName=NetD2_2 Pin=D2-2
Added Pin To Net: NetName=NetD2_2 Pin=XS4-A4B9
Added Pin To Net: NetName=NetD2_2 Pin=XS4-B4A9
Added Net: Name=NetD2_2
Added Pin To Net: NetName=NetD4_2 Pin=D4-2
Added Pin To Net: NetName=NetD4_2 Pin=XS5-A4B9
Added Pin To Net: NetName=NetD4_2 Pin=XS5-B4A9
Added Net: Name=NetD4_2
Added Member To Class: ClassName=Sheet1 Member=Component W1 Éè¼ÆÓÚ
Added Member To Class: ClassName=Sheet1 Member=Component W2 Tony
Added Room: Name=Sheet1
