Added Component: Designator=C1(CAP_0603)
Added Component: Designator=C2(CAP_0603)
Added Component: Designator=C3(CAP_0603)
Added Component: Designator=C4(CAP_0603)
Added Component: Designator=C5(CAP_0603)
Added Component: Designator=C6(CAP_0603)
Added Component: Designator=C7(CAP_0603)
Added Component: Designator=C8(CAP_0603)
Added Component: Designator=C9(CAP_0603)
Added Component: Designator=C10(CAP_0603)
Added Component: Designator=C11(CAP_0603)
Added Component: Designator=C12(CAP_0603)
Added Component: Designator=C13(CAP_0603)
Added Component: Designator=C14(CAP_0603)
Added Component: Designator=C15(CAP_0603)
Added Component: Designator=C16(CAP_0603)
Added Component: Designator=C17(CAP_0603)
Added Component: Designator=C18(CAP_0603)
Added Component: Designator=C19(CAP_0603)
Added Component: Designator=C20(CAP_0603)
Added Component: Designator=C21(CAP_0603)
Added Component: Designator=C22(CAP_0603)
Added Component: Designator=C23(CAP_0603)
Added Component: Designator=CON1(SH1.0 Horizontal 2P)
Added Component: Designator=CON2(SH1.0 Horizontal 2P)
Added Component: Designator=CON3(FFC_0.5_8)
Add component (AddParameter): Name = "System"; Value = "Connector"; VariantName = "[No Variations]"
Added Component: Designator=CON4(SH1.0 Horizontal 2P)
Added Component: Designator=CON5(SH1.0 Horizontal 2P)
Added Component: Designator=CON6(SH1.0 Horizontal 2P)
Added Component: Designator=D1(led0603)
Added Component: Designator=D2(SOD-323)
Added Component: Designator=D3(SOD-323)
Added Component: Designator=D4(SOD-323)
Added Component: Designator=IC1(SOP8_N)
Add component (AddParameter): Name = "BOM名称"; Value = "CAN总线收发芯片"; VariantName = "[No Variations]"
Add component (AddParameter): Name = "学习资源"; Value = "www.ooocke.com"; VariantName = "[No Variations]"
Add component (AddParameter): Name = "版权归属"; Value = "源创客"; VariantName = "[No Variations]"
Added Component: Designator=R1(RES_0603)
Added Component: Designator=R2(RES_0603)
Added Component: Designator=R3(RES_0603)
Added Component: Designator=R4(RES_0603)
Added Component: Designator=R5(RES_0805-SHORT)
Added Component: Designator=R6(RES_0603-SHORT)
Added Component: Designator=R7(RES_0603)
Added Component: Designator=R8(RES_0603)
Added Component: Designator=R9(RES_0603)
Added Component: Designator=R10(RES_0805-SHORT)
Added Component: Designator=R11(RES_0603)
Added Component: Designator=R12(RES_0603)
Added Component: Designator=R13(RES_0402-SHORT)
Added Component: Designator=R14(RES_0402-SHORT)
Added Component: Designator=R15(RES_0603)
Added Component: Designator=U1(SOT223)
Added Component: Designator=U2(SOT223)
Added Component: Designator=U3(QFN-24_3X3)
Added Component: Designator=U4(SOT23-3)
Added Component: Designator=U5(LQFP48)
Added Component: Designator=U6(MSOP10)
Added Component: Designator=XS1(15EDGVM-2P)
Add component (AddParameter): Name = "BOM名称"; Value = "2P接插件"; VariantName = "[No Variations]"
Add component (AddParameter): Name = "学习资源"; Value = "www.ooocke.com"; VariantName = "[No Variations]"
Add component (AddParameter): Name = "版权归属"; Value = "源创客"; VariantName = "[No Variations]"
Added Component: Designator=XS2(HDR2)
Add component (AddParameter): Name = "BOM名称"; Value = "2P接插件"; VariantName = "[No Variations]"
Add component (AddParameter): Name = "学习资源"; Value = "www.ooocke.com"; VariantName = "[No Variations]"
Add component (AddParameter): Name = "版权归属"; Value = "源创客"; VariantName = "[No Variations]"
Added Component: Designator=XS3(HDR2)
Add component (AddParameter): Name = "BOM名称"; Value = "2P接插件"; VariantName = "[No Variations]"
Add component (AddParameter): Name = "学习资源"; Value = "www.ooocke.com"; VariantName = "[No Variations]"
Add component (AddParameter): Name = "版权归属"; Value = "源创客"; VariantName = "[No Variations]"
Added Component: Designator=XS4(TypeC-304-16BCP)
Added Component: Designator=XS5(TypeC-304-16BCP)
Added Component: Designator=XT1(SMD3225_4p)
Added Pin To Net: NetName=PGND Pin=C1-1
Added Pin To Net: NetName=5V Pin=C1-2
Added Pin To Net: NetName=PGND Pin=C2-1
Added Pin To Net: NetName=8V4 Pin=C2-2
Added Pin To Net: NetName=PGND Pin=C3-1
Added Pin To Net: NetName=3v3 Pin=C3-2
Added Pin To Net: NetName=PGND Pin=C4-1
Added Pin To Net: NetName=8V4 Pin=C4-2
Added Pin To Net: NetName=DGND Pin=C5-1
Added Pin To Net: NetName=BAT_ADC Pin=C5-2
Added Pin To Net: NetName=5V Pin=C6-1
Added Pin To Net: NetName=DGND Pin=C6-2
Added Pin To Net: NetName=DGND Pin=C7-1
Added Pin To Net: NetName=3v3 Pin=C7-2
Added Pin To Net: NetName=DGND Pin=C8-1
Added Pin To Net: NetName=DGND Pin=C9-1
Added Pin To Net: NetName=DGND Pin=C10-1
Added Pin To Net: NetName=3v3 Pin=C10-2
Added Pin To Net: NetName=DGND Pin=C11-1
Added Pin To Net: NetName=3v3 Pin=C11-2
Added Pin To Net: NetName=DGND Pin=C12-1
Added Pin To Net: NetName=3v3 Pin=C12-2
Added Pin To Net: NetName=3v3 Pin=C13-1
Added Pin To Net: NetName=DGND Pin=C13-2
Added Pin To Net: NetName=DGND Pin=C14-2
Added Pin To Net: NetName=DGND Pin=C15-1
Added Pin To Net: NetName=3v3 Pin=C15-2
Added Pin To Net: NetName=DGND Pin=C16-2
Added Pin To Net: NetName=DGND Pin=C17-1
Added Pin To Net: NetName=3v3 Pin=C17-2
Added Pin To Net: NetName=DGND Pin=C18-2
Added Pin To Net: NetName=DGND Pin=C19-1
Added Pin To Net: NetName=3v3 Pin=C19-2
Added Pin To Net: NetName=DGND Pin=C20-2
Added Pin To Net: NetName=DGND Pin=C21-1
Added Pin To Net: NetName=USB_5V Pin=C21-2
Added Pin To Net: NetName=DGND Pin=C22-1
Added Pin To Net: NetName=USB_5V Pin=C22-2
Added Pin To Net: NetName=DGND Pin=C23-1
Added Pin To Net: NetName=3v3 Pin=C23-2
Added Pin To Net: NetName=PGND Pin=CON1-0
Added Pin To Net: NetName=PGND Pin=CON1-0
Added Pin To Net: NetName=8V4 Pin=CON1-1
Added Pin To Net: NetName=PGND Pin=CON1-2
Added Pin To Net: NetName=PGND Pin=CON2-0
Added Pin To Net: NetName=PGND Pin=CON2-0
Added Pin To Net: NetName=8V4 Pin=CON2-1
Added Pin To Net: NetName=PGND Pin=CON2-2
Added Pin To Net: NetName=PGND Pin=CON3-0
Added Pin To Net: NetName=PGND Pin=CON3-0
Added Pin To Net: NetName=PGND Pin=CON4-0
Added Pin To Net: NetName=PGND Pin=CON4-0
Added Pin To Net: NetName=PGND Pin=CON5-0
Added Pin To Net: NetName=PGND Pin=CON5-0
Added Pin To Net: NetName=PGND Pin=CON6-0
Added Pin To Net: NetName=PGND Pin=CON6-0
Added Pin To Net: NetName=3v3 Pin=D1-1
Added Pin To Net: NetName=NetD1_2 Pin=D1-2
Added Pin To Net: NetName=USB_5V Pin=D2-2
Added Pin To Net: NetName=NetD4_1 Pin=D4-1
Added Pin To Net: NetName=DGND Pin=IC1-2
Added Pin To Net: NetName=5V Pin=IC1-3
Added Pin To Net: NetName=DGND Pin=IC1-8
Added Pin To Net: NetName=NetD1_2 Pin=R1-1
Added Pin To Net: NetName=LED Pin=R1-2
Added Pin To Net: NetName=8V4 Pin=R2-2
Added Pin To Net: NetName=BAT_ADC Pin=R3-1
Added Pin To Net: NetName=DGND Pin=R4-1
Added Pin To Net: NetName=DGND Pin=R5-1
Added Pin To Net: NetName=PGND Pin=R5-2
Added Pin To Net: NetName=3v3 Pin=R8-1
Added Pin To Net: NetName=3v3 Pin=R9-1
Added Pin To Net: NetName=MPU_INT Pin=R9-2
Added Pin To Net: NetName=5V Pin=R10-1
Added Pin To Net: NetName=USB_5V Pin=R10-2
Added Pin To Net: NetName=3v3 Pin=R11-1
Added Pin To Net: NetName=DGND Pin=R15-1
Added Pin To Net: NetName=PGND Pin=U1-1
Added Pin To Net: NetName=5V Pin=U1-2
Added Pin To Net: NetName=8V4 Pin=U1-3
Added Pin To Net: NetName=PGND Pin=U2-1
Added Pin To Net: NetName=3v3 Pin=U2-2
Added Pin To Net: NetName=8V4 Pin=U2-3
Added Pin To Net: NetName=3v3 Pin=U3-8
Added Pin To Net: NetName=MPU_SPI_MISO Pin=U3-9
Added Pin To Net: NetName=DGND Pin=U3-11
Added Pin To Net: NetName=MPU_INT Pin=U3-12
Added Pin To Net: NetName=3v3 Pin=U3-13
Added Pin To Net: NetName=DGND Pin=U3-18
Added Pin To Net: NetName=DGND Pin=U3-20
Added Pin To Net: NetName=MPU_SPI_CS Pin=U3-22
Added Pin To Net: NetName=MPU_SPI_MOSI Pin=U3-24
Added Pin To Net: NetName=DGND Pin=U4-3
Added Pin To Net: NetName=3v3 Pin=U5-1
Added Pin To Net: NetName=DGND Pin=U5-8
Added Pin To Net: NetName=3v3 Pin=U5-9
Added Pin To Net: NetName=BAT_ADC Pin=U5-10
Added Pin To Net: NetName=DGND Pin=U5-23
Added Pin To Net: NetName=3v3 Pin=U5-24
Added Pin To Net: NetName=MPU_SPI_CS Pin=U5-33
Added Pin To Net: NetName=DGND Pin=U5-35
Added Pin To Net: NetName=3v3 Pin=U5-36
Added Pin To Net: NetName=MPU_INT Pin=U5-38
Added Pin To Net: NetName=MPU_SPI_MISO Pin=U5-40
Added Pin To Net: NetName=MPU_SPI_MOSI Pin=U5-41
Added Pin To Net: NetName=LED Pin=U5-42
Added Pin To Net: NetName=DGND Pin=U5-47
Added Pin To Net: NetName=3v3 Pin=U5-48
Added Pin To Net: NetName=D+ Pin=U6-1
Added Pin To Net: NetName=D- Pin=U6-2
Added Pin To Net: NetName=DGND Pin=U6-3
Added Pin To Net: NetName=USB_5V Pin=U6-7
Added Pin To Net: NetName=8V4 Pin=XS1-1
Added Pin To Net: NetName=PGND Pin=XS1-2
Added Pin To Net: NetName=8V4 Pin=XS2-1
Added Pin To Net: NetName=PGND Pin=XS2-2
Added Pin To Net: NetName=8V4 Pin=XS3-1
Added Pin To Net: NetName=PGND Pin=XS3-2
Added Pin To Net: NetName=PGND Pin=XS4-13
Added Pin To Net: NetName=PGND Pin=XS4-14
Added Pin To Net: NetName=PGND Pin=XS4-15
Added Pin To Net: NetName=PGND Pin=XS4-16
Added Pin To Net: NetName=PGND Pin=XS4-A1B12
Added Pin To Net: NetName=D+ Pin=XS4-A6
Added Pin To Net: NetName=D- Pin=XS4-A7
Added Pin To Net: NetName=PGND Pin=XS4-B1A12
Added Pin To Net: NetName=D+ Pin=XS4-B6
Added Pin To Net: NetName=D- Pin=XS4-B7
Added Pin To Net: NetName=NetD4_1 Pin=XS5-A4B9
Added Pin To Net: NetName=NetD4_1 Pin=XS5-B4A9
Added Pin To Net: NetName=DGND Pin=XT1-2
Added Pin To Net: NetName=DGND Pin=XT1-4
Added Pin To Net: NetName=BOOT0 Pin=R15-2
Added Pin To Net: NetName=BOOT0 Pin=U5-44
Added Net: Name=BOOT0
Added Pin To Net: NetName=CAN1_RX Pin=IC1-4
Added Pin To Net: NetName=CAN1_RX Pin=U5-45
Added Net: Name=CAN1_RX
Added Pin To Net: NetName=CAN1_TX Pin=IC1-1
Added Pin To Net: NetName=CAN1_TX Pin=U5-46
Added Net: Name=CAN1_TX
Added Pin To Net: NetName=CAN1H Pin=CON4-1
Added Pin To Net: NetName=CAN1H Pin=CON5-1
Added Pin To Net: NetName=CAN1H Pin=CON6-1
Added Pin To Net: NetName=CAN1H Pin=IC1-7
Added Pin To Net: NetName=CAN1H Pin=R6-1
Added Pin To Net: NetName=CAN1H Pin=U4-1
Added Net: Name=CAN1H
Added Pin To Net: NetName=CAN1L Pin=CON4-2
Added Pin To Net: NetName=CAN1L Pin=CON5-2
Added Pin To Net: NetName=CAN1L Pin=CON6-2
Added Pin To Net: NetName=CAN1L Pin=IC1-6
Added Pin To Net: NetName=CAN1L Pin=R7-1
Added Pin To Net: NetName=CAN1L Pin=U4-2
Added Net: Name=CAN1L
Added Pin To Net: NetName=GND Pin=XS5-13
Added Pin To Net: NetName=GND Pin=XS5-14
Added Pin To Net: NetName=GND Pin=XS5-15
Added Pin To Net: NetName=GND Pin=XS5-16
Added Pin To Net: NetName=GND Pin=XS5-A1B12
Added Pin To Net: NetName=GND Pin=XS5-B1A12
Added Net: Name=GND
Added Pin To Net: NetName=MPU_SPI_SCK Pin=U3-23
Added Pin To Net: NetName=MPU_SPI_SCK Pin=U5-39
Added Net: Name=MPU_SPI_SCK
Added Pin To Net: NetName=NetC8_2 Pin=C8-2
Added Pin To Net: NetName=NetC8_2 Pin=IC1-5
Added Pin To Net: NetName=NetC8_2 Pin=R8-2
Added Net: Name=NetC8_2
Added Pin To Net: NetName=NetC9_2 Pin=C9-2
Added Pin To Net: NetName=NetC9_2 Pin=U3-10
Added Net: Name=NetC9_2
Added Pin To Net: NetName=NetC14_1 Pin=C14-1
Added Pin To Net: NetName=NetC14_1 Pin=U5-5
Added Pin To Net: NetName=NetC14_1 Pin=XT1-1
Added Pin To Net: NetName=NetC14_1 Pin=XT1-1
Added Net: Name=NetC14_1
Added Pin To Net: NetName=NetC16_1 Pin=C16-1
Added Pin To Net: NetName=NetC16_1 Pin=U5-6
Added Pin To Net: NetName=NetC16_1 Pin=XT1-3
Added Net: Name=NetC16_1
Added Pin To Net: NetName=NetC18_1 Pin=C18-1
Added Pin To Net: NetName=NetC18_1 Pin=U6-10
Added Net: Name=NetC18_1
Added Pin To Net: NetName=NetD2_1 Pin=D2-1
Added Pin To Net: NetName=NetD2_1 Pin=XS4-A4B9
Added Pin To Net: NetName=NetD2_1 Pin=XS4-B4A9
Added Net: Name=NetD2_1
Added Pin To Net: NetName=NetD3_1 Pin=D3-1
Added Pin To Net: NetName=NetD3_1 Pin=R14-1
Added Net: Name=NetD3_1
Added Pin To Net: NetName=NetD3_2 Pin=D3-2
Added Pin To Net: NetName=NetD3_2 Pin=U6-8
Added Net: Name=NetD3_2
Added Pin To Net: NetName=NetR2_1 Pin=R2-1
Added Pin To Net: NetName=NetR2_1 Pin=R3-2
Added Pin To Net: NetName=NetR2_1 Pin=R4-2
Added Net: Name=NetR2_1
Added Pin To Net: NetName=NetR6_2 Pin=R6-2
Added Pin To Net: NetName=NetR6_2 Pin=R7-2
Added Net: Name=NetR6_2
Added Pin To Net: NetName=NetR12_1 Pin=R12-1
Added Pin To Net: NetName=NetR12_1 Pin=U6-9
Added Net: Name=NetR12_1
Added Pin To Net: NetName=NetR12_2 Pin=R12-2
Added Pin To Net: NetName=NetR12_2 Pin=R13-1
Added Net: Name=NetR12_2
Added Pin To Net: NetName=NRF_CE Pin=CON3-5
Added Pin To Net: NetName=NRF_CE Pin=U5-29
Added Net: Name=NRF_CE
Added Pin To Net: NetName=NRF_SPI_MISO Pin=CON3-8
Added Pin To Net: NetName=NRF_SPI_MISO Pin=U5-27
Added Net: Name=NRF_SPI_MISO
Added Pin To Net: NetName=NRF_SPI_MOSI Pin=CON3-7
Added Pin To Net: NetName=NRF_SPI_MOSI Pin=U5-28
Added Net: Name=NRF_SPI_MOSI
Added Pin To Net: NetName=NRF_SPI_SCK Pin=CON3-6
Added Pin To Net: NetName=NRF_SPI_SCK Pin=U5-26
Added Net: Name=NRF_SPI_SCK
Added Pin To Net: NetName=NRST Pin=C20-1
Added Pin To Net: NetName=NRST Pin=R11-2
Added Pin To Net: NetName=NRST Pin=U5-7
Added Net: Name=NRST
Added Pin To Net: NetName=PA1 Pin=CON3-1
Added Pin To Net: NetName=PA1 Pin=U5-11
Added Net: Name=PA1
Added Pin To Net: NetName=PA2 Pin=CON3-2
Added Pin To Net: NetName=PA2 Pin=U5-12
Added Net: Name=PA2
Added Pin To Net: NetName=PA3 Pin=U5-13
Added Net: Name=PA3
Added Pin To Net: NetName=PA4 Pin=U5-14
Added Net: Name=PA4
Added Pin To Net: NetName=PA5 Pin=U5-15
Added Net: Name=PA5
Added Pin To Net: NetName=PA6 Pin=U5-16
Added Net: Name=PA6
Added Pin To Net: NetName=PA7 Pin=U5-17
Added Net: Name=PA7
Added Pin To Net: NetName=PA9 Pin=CON3-3
Added Pin To Net: NetName=PA9 Pin=R13-2
Added Pin To Net: NetName=PA9 Pin=U5-30
Added Net: Name=PA9
Added Pin To Net: NetName=PA10 Pin=CON3-4
Added Pin To Net: NetName=PA10 Pin=R14-2
Added Pin To Net: NetName=PA10 Pin=U5-31
Added Net: Name=PA10
Added Pin To Net: NetName=PA11 Pin=U5-32
Added Net: Name=PA11
Added Pin To Net: NetName=PB0 Pin=U5-18
Added Net: Name=PB0
Added Pin To Net: NetName=PB1 Pin=U5-19
Added Net: Name=PB1
Added Pin To Net: NetName=PB2 Pin=U5-20
Added Net: Name=PB2
Added Pin To Net: NetName=PB7 Pin=U5-43
Added Net: Name=PB7
Added Pin To Net: NetName=PB10 Pin=U5-21
Added Net: Name=PB10
Added Pin To Net: NetName=PB11 Pin=U5-22
Added Net: Name=PB11
Added Pin To Net: NetName=PB12 Pin=U5-25
Added Net: Name=PB12
Added Pin To Net: NetName=PC13 Pin=U5-2
Added Net: Name=PC13
Added Pin To Net: NetName=PC14 Pin=U5-3
Added Net: Name=PC14
Added Pin To Net: NetName=PC15 Pin=U5-4
Added Net: Name=PC15
Added Pin To Net: NetName=SWCLK Pin=U5-37
Added Pin To Net: NetName=SWCLK Pin=XS5-A7
Added Pin To Net: NetName=SWCLK Pin=XS5-B7
Added Net: Name=SWCLK
Added Pin To Net: NetName=SWDIO Pin=U5-34
Added Pin To Net: NetName=SWDIO Pin=XS5-A6
Added Pin To Net: NetName=SWDIO Pin=XS5-B6
Added Net: Name=SWDIO
Added Pin To Net: NetName=VDD_5V Pin=D4-2
Added Net: Name=VDD_5V
Added Member To Class: ClassName=Sheet1 Member=Component C1 0603-22u
Added Member To Class: ClassName=Sheet1 Member=Component C2 0603-106
Added Member To Class: ClassName=Sheet1 Member=Component C3 0603-22u
Added Member To Class: ClassName=Sheet1 Member=Component C4 0603-106
Added Member To Class: ClassName=Sheet1 Member=Component C5 0603-2u2
Added Member To Class: ClassName=Sheet1 Member=Component C6 0603-104
Added Member To Class: ClassName=Sheet1 Member=Component C7 0603-103
Added Member To Class: ClassName=Sheet1 Member=Component C8 0603-104
Added Member To Class: ClassName=Sheet1 Member=Component C9 0603-104
Added Member To Class: ClassName=Sheet1 Member=Component C10 0603-104
Added Member To Class: ClassName=Sheet1 Member=Component C11 0603-2u2
Added Member To Class: ClassName=Sheet1 Member=Component C12 104
Added Member To Class: ClassName=Sheet1 Member=Component C13 104
Added Member To Class: ClassName=Sheet1 Member=Component C14 22p
Added Member To Class: ClassName=Sheet1 Member=Component C15 104
Added Member To Class: ClassName=Sheet1 Member=Component C16 22p
Added Member To Class: ClassName=Sheet1 Member=Component C17 105
Added Member To Class: ClassName=Sheet1 Member=Component C18 0603-104
Added Member To Class: ClassName=Sheet1 Member=Component C19 104
Added Member To Class: ClassName=Sheet1 Member=Component C20 104
Added Member To Class: ClassName=Sheet1 Member=Component C21 0603-104
Added Member To Class: ClassName=Sheet1 Member=Component C22 0603-106
Added Member To Class: ClassName=Sheet1 Member=Component C23 104
Added Member To Class: ClassName=Sheet1 Member=Component CON1 SH1.0_2
Added Member To Class: ClassName=Sheet1 Member=Component CON2 SH1.0_2
Added Member To Class: ClassName=Sheet1 Member=Component CON3 FFC_0.5_8
Added Member To Class: ClassName=Sheet1 Member=Component CON4 SH1.0_2
Added Member To Class: ClassName=Sheet1 Member=Component CON5 SH1.0_2
Added Member To Class: ClassName=Sheet1 Member=Component CON6 SH1.0_2
Added Member To Class: ClassName=Sheet1 Member=Component D1 led
Added Member To Class: ClassName=Sheet1 Member=Component D2 ss14
Added Member To Class: ClassName=Sheet1 Member=Component D3 ss14
Added Member To Class: ClassName=Sheet1 Member=Component D4 ss14
Added Member To Class: ClassName=Sheet1 Member=Component IC1 TJA1050
Added Member To Class: ClassName=Sheet1 Member=Component R1 0603-3k
Added Member To Class: ClassName=Sheet1 Member=Component R2 0603-10k
Added Member To Class: ClassName=Sheet1 Member=Component R3 0603-1k
Added Member To Class: ClassName=Sheet1 Member=Component R4 0603-4k7
Added Member To Class: ClassName=Sheet1 Member=Component R5 0R
Added Member To Class: ClassName=Sheet1 Member=Component R6 0R
Added Member To Class: ClassName=Sheet1 Member=Component R7 0603-120
Added Member To Class: ClassName=Sheet1 Member=Component R8 0603-1K'
Added Member To Class: ClassName=Sheet1 Member=Component R9 0603-10K
Added Member To Class: ClassName=Sheet1 Member=Component R10 0R
Added Member To Class: ClassName=Sheet1 Member=Component R11 10k
Added Member To Class: ClassName=Sheet1 Member=Component R12 0603-330
Added Member To Class: ClassName=Sheet1 Member=Component R13 0R
Added Member To Class: ClassName=Sheet1 Member=Component R14 0R
Added Member To Class: ClassName=Sheet1 Member=Component R15 10k
Added Member To Class: ClassName=Sheet1 Member=Component U1 AMS1117-5V
Added Member To Class: ClassName=Sheet1 Member=Component U2 AMS1117-3V3
Added Member To Class: ClassName=Sheet1 Member=Component U3 MPU6500
Added Member To Class: ClassName=Sheet1 Member=Component U4 PESD1CAN
Added Member To Class: ClassName=Sheet1 Member=Component U5 STM32F103C8T6
Added Member To Class: ClassName=Sheet1 Member=Component U6 CH340E
Added Member To Class: ClassName=Sheet1 Member=Component XS1 HDR-1X2
Added Member To Class: ClassName=Sheet1 Member=Component XS2 HDR-1X2
Added Member To Class: ClassName=Sheet1 Member=Component XS3 HDR-1X2
Added Member To Class: ClassName=Sheet1 Member=Component XS4 Type-C
Added Member To Class: ClassName=Sheet1 Member=Component XS5 Type-C
Added Member To Class: ClassName=Sheet1 Member=Component XT1 8M
Added Room: Name=Sheet1
