Change Component Designator: Old Designator=C5 New Designator=C3
Change Component Designator: Old Designator=C6 New Designator=C4
Change Component Designator: Old Designator=C13 New Designator=C7
Change Component Designator: Old Designator=C14 New Designator=C9
Change Component Designator: Old Designator=C18 New Designator=C10
Change Component Designator: Old Designator=C19 New Designator=C11
Change Component Designator: Old Designator=C34 New Designator=C5
Change Component Designator: Old Designator=C36 New Designator=C18
Change Component Designator: Old Designator=C37 New Designator=C21
Change Component Designator: Old Designator=C38 New Designator=C22
Change Component Designator: Old Designator=C? New Designator=C6
Change Component Designator: Old Designator=C? New Designator=C8
Change Component Designator: Old Designator=C? New Designator=C12
Change Component Designator: Old Designator=C? New Designator=C13
Change Component Designator: Old Designator=C? New Designator=C14
Change Component Designator: Old Designator=C? New Designator=C15
Change Component Designator: Old Designator=C? New Designator=C16
Change Component Designator: Old Designator=C? New Designator=C17
Change Component Designator: Old Designator=C? New Designator=C19
Change Component Designator: Old Designator=C? New Designator=C20
Change Component Designator: Old Designator=C? New Designator=C23
Change Component Designator: Old Designator=CON? New Designator=CON1
Change Component Designator: Old Designator=CON? New Designator=CON2
Change Component Designator: Old Designator=CON? New Designator=CON3
Change Component Designator: Old Designator=CON? New Designator=CON4
Change Component Designator: Old Designator=CON? New Designator=CON5
Change Component Designator: Old Designator=CON? New Designator=CON6
Change Component Designator: Old Designator=D6 New Designator=D2
Change Component Designator: Old Designator=D7 New Designator=D3
Change Component Designator: Old Designator=D? New Designator=D4
Change Component Designator: Old Designator=IC? New Designator=IC1
Change Component Designator: Old Designator=R9 New Designator=R5
Change Component Designator: Old Designator=R25 New Designator=R9
Change Component Designator: Old Designator=R26 New Designator=R10
Change Component Designator: Old Designator=R29 New Designator=R2
Change Component Designator: Old Designator=R30 New Designator=R3
Change Component Designator: Old Designator=R31 New Designator=R4
Change Component Designator: Old Designator=R33 New Designator=R12
Change Component Designator: Old Designator=R? New Designator=R6
Change Component Designator: Old Designator=R? New Designator=R7
Change Component Designator: Old Designator=R? New Designator=R8
Change Component Designator: Old Designator=R? New Designator=R11
Change Component Designator: Old Designator=R? New Designator=R13
Change Component Designator: Old Designator=R? New Designator=R14
Change Component Designator: Old Designator=R? New Designator=R15
Change Component Designator: Old Designator=U3 New Designator=U2
Change Component Designator: Old Designator=U4 New Designator=U3
Change Component Designator: Old Designator=U? New Designator=U4
Change Component Designator: Old Designator=U? New Designator=U5
Change Component Designator: Old Designator=XS1 New Designator=XS4
Change Component Designator: Old Designator=XS? New Designator=XS1
Change Component Designator: Old Designator=XS? New Designator=XS2
Change Component Designator: Old Designator=XS? New Designator=XS3
Change Component Designator: Old Designator=XS? New Designator=XS5
Change Component Designator: Old Designator=XT? New Designator=XT1
