Added Component: Designator=U6(QFN-48_7X7)
Added Pin To Net: NetName=DGND Pin=U6-0
Added Pin To Net: NetName=3v3 Pin=U6-1
Added Pin To Net: NetName=NetA1_1 Pin=U6-2
Added Pin To Net: NetName=3v3 Pin=U6-3
Added Pin To Net: NetName=3v3 Pin=U6-4
Added Pin To Net: NetName=SENSOR_VP Pin=U6-5
Added Pin To Net: NetName=GPIO37 Pin=U6-6
Added Pin To Net: NetName=GPIO38 Pin=U6-7
Added Pin To Net: NetName=SENSOR_VN Pin=U6-8
Added Pin To Net: NetName=EN Pin=U6-9
Added Pin To Net: NetName=GPIO34 Pin=U6-10
Added Pin To Net: NetName=GPIO35 Pin=U6-11
Added Pin To Net: NetName=GPIO32 Pin=U6-12
Added Pin To Net: NetName=GPIO33 Pin=U6-13
Added Pin To Net: NetName=GPIO25 Pin=U6-14
Added Pin To Net: NetName=GPIO26 Pin=U6-15
Added Pin To Net: NetName=GPIO27 Pin=U6-16
Added Pin To Net: NetName=GPIO14 Pin=U6-17
Added Pin To Net: NetName=GPIO12 Pin=U6-18
Added Pin To Net: NetName=3v3 Pin=U6-19
Added Pin To Net: NetName=GPIO13 Pin=U6-20
Added Pin To Net: NetName=GPIO15 Pin=U6-21
Added Pin To Net: NetName=GPIO2 Pin=U6-22
Added Pin To Net: NetName=GPIO0 Pin=U6-23
Added Pin To Net: NetName=GPIO4 Pin=U6-24
Added Pin To Net: NetName=ESP_RX Pin=U6-25
Added Pin To Net: NetName=ESP_TX Pin=U6-27
Added Pin To Net: NetName=GPIO9 Pin=U6-28
Added Pin To Net: NetName=GPIO10 Pin=U6-29
Added Pin To Net: NetName=FLASH_SD2 Pin=U6-30
Added Pin To Net: NetName=FLASH_CLK Pin=U6-31
Added Pin To Net: NetName=FLASH_SD3 Pin=U6-32
Added Pin To Net: NetName=FLASH_SD1 Pin=U6-33
Added Pin To Net: NetName=GPIO5 Pin=U6-34
Added Pin To Net: NetName=GPIO18 Pin=U6-35
Added Pin To Net: NetName=GPIO23 Pin=U6-36
Added Pin To Net: NetName=3v3 Pin=U6-37
Added Pin To Net: NetName=GPIO19 Pin=U6-38
Added Pin To Net: NetName=GPIO22 Pin=U6-39
Added Pin To Net: NetName=CP_Tx Pin=U6-40
Added Pin To Net: NetName=CP_Rx Pin=U6-41
Added Pin To Net: NetName=GPIO21 Pin=U6-42
Added Pin To Net: NetName=3v3 Pin=U6-43
Added Pin To Net: NetName=3v3 Pin=U6-46
Added Member To Class: ClassName=Sheet1 Member=Component U6 ESP32_SIP
