Change Component Designator: Old Designator=A? New Designator=A1
Change Component Designator: Old Designator=C11 New Designator=C7
Change Component Designator: Old Designator=C12 New Designator=C8
Change Component Designator: Old Designator=C15 New Designator=C11
Change Component Designator: Old Designator=C16 New Designator=C12
Change Component Designator: Old Designator=C17 New Designator=C13
Change Component Designator: Old Designator=C? New Designator=C9
Change Component Designator: Old Designator=C? New Designator=C10
Change Component Designator: Old Designator=C? New Designator=C14
Change Component Designator: Old Designator=CON? New Designator=CON1
Change Component Designator: Old Designator=CON? New Designator=CON2
Change Component Designator: Old Designator=D? New Designator=D6
Change Component Designator: Old Designator=K? New Designator=K2
Change Component Designator: Old Designator=K? New Designator=K3
Change Component Designator: Old Designator=K? New Designator=K4
Change Component Designator: Old Designator=MOD? New Designator=MOD1
Change Component Designator: Old Designator=R11 New Designator=R10
Change Component Designator: Old Designator=R16 New Designator=R14
Change Component Designator: Old Designator=R19 New Designator=R15
Change Component Designator: Old Designator=R22 New Designator=R16
Change Component Designator: Old Designator=R? New Designator=R11
Change Component Designator: Old Designator=R? New Designator=R17
Change Component Designator: Old Designator=R? New Designator=R18
Change Component Designator: Old Designator=R? New Designator=R19
Change Component Designator: Old Designator=R? New Designator=R20
Change Component Designator: Old Designator=U? New Designator=U4
Change Component Designator: Old Designator=U? New Designator=U6
Change Component Designator: Old Designator=USB? New Designator=USB1
Change Component Designator: Old Designator=VT? New Designator=VT1
Change Component Designator: Old Designator=VT? New Designator=VT2
Change Component Designator: Old Designator=XS? New Designator=XS1
